<?xml version="1.0" encoding="UTF-8"?>
<!-- Generated by org.testng.reporters.JUnitXMLReporter -->
<testsuite hostname="DESKTOP-0VKQFUQ" ignored="1" name="Default test" tests="1" failures="0" timestamp="2019-09-15T12:39:31 EDT" time="7.097" errors="0">
  <testcase name="uploadFileTest" time="0.85" classname="com.pac.qa.pages.DynemicElements"/>
  <testcase name="linkCount" time="0.0" classname="com.pac.qa.pages.DynemicElements">
    <ignored/>
  </testcase> <!-- linkCount -->
</testsuite> <!-- Default test -->
