<?xml version="1.0" encoding="UTF-8"?>
<testng-results skipped="0" failed="0" ignored="1" total="2" passed="1">
  <reporter-output>
  </reporter-output>
  <suite name="Default suite" duration-ms="7097" started-at="2019-09-15T12:39:24 EDT" finished-at="2019-09-15T12:39:31 EDT">
    <groups>
    </groups>
    <test name="Default test" duration-ms="7097" started-at="2019-09-15T12:39:24 EDT" finished-at="2019-09-15T12:39:31 EDT">
      <class name="com.pac.qa.pages.DynemicElements">
        <test-method status="PASS" signature="setUp()[pri:0, instance:com.pac.qa.pages.DynemicElements@3701eaf6]" name="setUp" is-config="true" duration-ms="6194" started-at="2019-09-15T12:39:24 EDT" finished-at="2019-09-15T12:39:30 EDT">
          <reporter-output>
          </reporter-output>
        </test-method> <!-- setUp -->
        <test-method status="PASS" signature="uploadFileTest()[pri:0, instance:com.pac.qa.pages.DynemicElements@3701eaf6]" name="uploadFileTest" duration-ms="850" started-at="2019-09-15T12:39:30 EDT" finished-at="2019-09-15T12:39:31 EDT">
          <reporter-output>
          </reporter-output>
        </test-method> <!-- uploadFileTest -->
      </class> <!-- com.pac.qa.pages.DynemicElements -->
    </test> <!-- Default test -->
  </suite> <!-- Default suite -->
</testng-results>
